1614729852742	geckodriver	INFO	Listening on 127.0.0.1:60251
1614729855790	mozrunner::runner	INFO	Running command: "C:\\Program Files\\Mozilla Firefox\\firefox.exe" "--marionette" "-foreground" "-no-remote" "-profile" "C:\\Users\\Cole\\AppData\\Local\\Temp\\rust_mozprofilewUhKe2"
Can't find symbol 'eglSwapBuffersWithDamageEXT'.
Can't find symbol 'eglSetDamageRegionKHR'.
console.warn: SearchSettings: "get: No settings file exists, new profile?" (new Error("", "(unknown module)"))
1614729860168	Marionette	INFO	Listening on port 60259
1614729860642	Marionette	WARN	TLS certificate errors will be ignored for this session
1614729992911	Marionette	INFO	Stopped listening on port 60259

###!!! [Child][RunMessage] Error: Channel closing: too late to send/recv, messages will be lost

1614730511181	geckodriver	INFO	Listening on 127.0.0.1:60444
1614730514233	mozrunner::runner	INFO	Running command: "C:\\Program Files\\Mozilla Firefox\\firefox.exe" "--marionette" "-foreground" "-no-remote" "-profile" "C:\\Users\\Cole\\AppData\\Local\\Temp\\rust_mozprofileOVEcxL"
Can't find symbol 'eglSwapBuffersWithDamageEXT'.
Can't find symbol 'eglSetDamageRegionKHR'.
console.warn: SearchSettings: "get: No settings file exists, new profile?" (new Error("", "(unknown module)"))
1614730516769	Marionette	INFO	Listening on port 60452
1614730516926	Marionette	WARN	TLS certificate errors will be ignored for this session
console.log: WebExtensions: reset-default-search: No addons in our list are installed.
ner	INFO	Running command: "C:\\Program Files\\Mozilla Firefox\\firefox.exe" "--marionette" "-foreground" "-no-remote" "-profile" "C:\\Users\\Cole\\AppData\\Local\\Temp\\rust_mozprofileDYTcdA"
Can't find symbol 'eglSwapBuffersWithDamageEXT'.
Can't find symbol 'eglSetDamageRegionKHR'.
console.warn: SearchSettings: "get: No settings file exists, new profile?" (new Error("", "(unknown module)"))
1614730564370	Marionette	INFO	Listening on port 60512
1614730564542	Marionette	WARN	TLS certificate errors will be ignored for this session
